平谷区 :  110117 Not Found!
静海区 :  120118 Not Found!
蓟州区 :  120119 Not Found!
定州市 :  139001 Not Found!
白山市 :  2206 Not Found!
东营市 :  3705 Not Found!
莱芜市 :  3712 Not Found!
济源市 :  419001 Not Found!
云浮市 :  4453 Not Found!
崇左市 :  4514 Not Found!
三沙市 :  4603 Not Found!
五指山市 :  469001 Not Found!
屯昌县 :  469022 Not Found!
白沙黎族自治县 :  469025 Not Found!
昌江黎族自治县 :  469026 Not Found!
陵水黎族自治县 :  469028 Not Found!
琼中黎族苗族自治县 :  469030 Not Found!
北碚区 :  500109 Not Found!
南川区 :  500119 Not Found!
县 :  5002 Not Found!
楚雄彝族自治州 :  5323 Not Found!
西双版纳傣族自治州 :  5328 Not Found!
德宏傣族景颇族自治州 :  5331 Not Found!
怒江傈僳族自治州 :  5333 Not Found!
迪庆藏族自治州 :  5334 Not Found!
日喀则市 :  5402 Not Found!
昌都市 :  5403 Not Found!
林芝市 :  5404 Not Found!
山南市 :  5405 Not Found!
那曲地区 :  5424 Not Found!
阿里地区 :  5425 Not Found!
武威市 :  6206 Not Found!
酒泉市 :  6209 Not Found!
甘南藏族自治州 :  6230 Not Found!
黄南藏族自治州 :  6323 Not Found!
果洛藏族自治州 :  6326 Not Found!
玉树藏族自治州 :  6327 Not Found!
海西蒙古族藏族自治州 :  6328 Not Found!
克拉玛依市 :  6502 Not Found!
哈密市 :  6505 Not Found!
博尔塔拉蒙古自治州 :  6527 Not Found!
克孜勒苏柯尔克孜自治州 :  6530 Not Found!
和田地区 :  6532 Not Found!
塔城地区 :  6542 Not Found!
阿勒泰地区 :  6543 Not Found!
石河子市 :  659001 Not Found!
阿拉尔市 :  659002 Not Found!
图木舒克市 :  659003 Not Found!
五家渠市 :  659004 Not Found!
铁门关市 :  659006 Not Found!

################################
以上市区数据已暂停更新！！！
经检查，有如下特例（已修复）：
1、
济源市 :  419001 Not Found!
或济源、济源示范区，特例已修复
2、
楚雄彝族自治州 :  5323 Not Found!
 C202006211334181 	 2022-01-13 09:01:43 	 楚雄州
西双版纳傣族自治州 :  5328 Not Found!
 C202006211334189 	 2022-01-13 09:01:45 	 西双版纳州 	 15 	 0
德宏傣族景颇族自治州 :  5331 Not Found!
 C202006211334182 	 2022-01-13 09:01:43 	 德宏州 	 294 	 0
甘南藏族自治州 :  6230 Not Found!
 C202006211349162 	 2022-01-13 09:01:44 	 甘南州 	 8 	 0
石河子市 :  659001 Not Found!
 C202006211404164 	 2022-01-13 09:01:45 	 第八师石河子 	 4 	 0
五家渠市 :  659004 Not Found!
 C202006211404163 	 2022-01-13 09:01:44 	 六师五家渠 	 2 	 0
塔城地区 :  6542 Not Found!
 926500 	 2022-01-13 09:01:45 	 兵团第九师 	 4 	 0