#################################################################################
DataFrame删除行列
raw_data_df = pd.read_csv('data/2022-01-12.csv')
    raw_data_df = raw_data_df.drop(columns=['id'])
    raw_data_df.to_csv('data/2022-01-11.csv', index=False)
#################################################################################
C:\Users\RefrainKruso\AppData\Local\Programs\Python\Python38\python.exe D:/2022/Embrace2022/CrawlerSimple/BV177411j7qJ/ProA/start/wy163_crawler.py
C:\Users\RefrainKruso\AppData\Local\Programs\Python\Python38\lib\site-packages\urllib3\connectionpool.py:1013: InsecureRequestWarning: Unverified HTTPS request is being made to host 'c.m.163.com'. Adding certificate verification is strongly advised. See: https://urllib3.readthedocs.io/en/1.26.x/advanced-usage.html#ssl-warnings
  warnings.warn(
湖北 :  420000 <class 'str'>
武汉, 孝感, 黄冈, 荆州, 鄂州, 随州, 襄阳, 黄石, 荆门, 宜昌, 咸宁, 十堰, 仙桃, 天门, 恩施州, 潜江, 境外输入, 神农架, 境外输入人员, 监狱系统, 未明确地区, 神农架林区,

台湾 :  700000 <class 'str'>
未明确地区,

香港 :  810000 <class 'str'>
未明确地区,

广东 :  440000 <class 'str'>
境外输入, 广州, 深圳, 东莞, 佛山, 珠海, 中山, 惠州, 汕头, 湛江, 江门, 肇庆, 梅州, 阳江, 茂名, 清远, 韶关, 揭阳, 汕尾, 河源, 潮州, 云浮, 未明确地区, 境外输入人员,

上海 :  310000 <class 'str'>
境外输入, 外地来沪, 浦东, 宝山, 黄浦, 闵行, 徐汇, 静安, 松江, 长宁, 普陀, 奉贤, 嘉定, 杨浦, 青浦, 虹口, 金山, 崇明, 境外来沪, 待确认, 未明确地区, 境外输入人员, 浦东新区, 闸北,

陕西 :  610000 <class 'str'>
西安, 境外输入, 本土病例, 咸阳, 汉中, 安康, 延安, 渭南, 宝鸡, 铜川, 商洛, 榆林, 韩城, 杨凌, 未明确地区, 杨凌示范区, 韩城市, 境外输入人员,

河南 :  410000 <class 'str'>
郑州, 许昌, 信阳, 安阳, 南阳, 驻马店, 境外输入, 商丘, 周口, 平顶山, 新乡, 洛阳, 漯河, 开封, 焦作, 鹤壁, 濮阳, 三门峡, 济源示范区, 济源, 境外输入人员, 未明确地区,

浙江 :  330000 <class 'str'>
温州, 绍兴, 境外输入, 宁波, 杭州, 台州, 金华, 嘉兴, 省十里丰监狱, 丽水, 衢州, 湖州, 舟山, 境外输入人员, 划归外省, 未明确地区,

黑龙江 :  230000 <class 'str'>
哈尔滨, 绥化, 境外输入, 黑河, 双鸭山, 鸡西, 齐齐哈尔, 待确认, 牡丹江, 大庆, 七台河, 佳木斯, 鹤岗, 大兴安岭, 未明确地区, 伊春, 境外输入人员,

云南 :  530000 <class 'str'>
境外输入, 德宏州, 昆明, 昭通市, 西双版纳州, 玉溪, 大理, 曲靖, 红河, 保山市, 丽江市, 普洱, 楚雄州, 文山州, 临沧, 丽江, 德宏, 未明确地区, 楚雄, 迪庆藏族自治州, 保山, 境外输入人员, 怒江傈僳族自治州, 西双版纳, 昭通,

江苏 :  320000 <class 'str'>
扬州, 南京, 境外输入, 苏州, 徐州, 淮安, 无锡, 常州, 连云港, 南通, 泰州, 盐城, 宿迁, 镇江, 地区未确认, 境外输入人员, 未明确地区,

河北 :  130000 <class 'str'>
石家庄, 邢台, 辛集市, 唐山, 保定, 沧州, 张家口, 境外输入, 廊坊, 邯郸, 地市待确认, 秦皇岛, 衡水, 承德, 未明确地区, 地区待确诊, 境外输入人员, 待确认, 地区待确定,

福建 :  350000 <class 'str'>
境外输入, 厦门, 莆田, 福州, 泉州, 宁德, 漳州, 南平, 三明, 龙岩, 未明确地区, 境外输入人员,

四川 :  510000 <class 'str'>
境外输入, 成都, 甘孜, 达州, 南充, 广安, 泸州, 巴中, 绵阳, 内江, 德阳, 遂宁, 攀枝花, 凉山, 宜宾, 自贡, 雅安, 眉山, 广元, 资阳, 乐山, 阿坝, 甘孜州, 阿坝州, 未明确地区, 境外输入人员,

湖南 :  430000 <class 'str'>
长沙, 岳阳, 株洲, 邵阳, 境外输入, 常德, 张家界, 娄底, 益阳, 衡阳, 永州, 怀化, 郴州, 湘潭, 湘西自治州, 境外输入人员, 未明确地区,

北京 :  110000 <class 'str'>
境外输入, 丰台, 大兴, 海淀, 朝阳, 昌平, 西城, 顺义, 房山, 外地来京, 通州, 东城, 石景山, 怀柔, 密云, 门头沟, 未明确地区, 延庆, 平谷, 境外输入人员,

内蒙古 :  150000 <class 'str'>
呼伦贝尔, 境外输入, 阿拉善盟, 锡林郭勒, 鄂尔多斯, 包头, 呼和浩特, 赤峰, 通辽, 巴彦淖尔, 乌兰察布, 乌海, 锡林郭勒盟, 兴安盟, 境外输入人员, 未明确地区,

山东 :  370000 <class 'str'>
济宁, 境外输入, 青岛, 烟台, 临沂, 济南, 潍坊, 聊城, 威海, 德州, 泰安, 淄博, 日照, 枣庄, 菏泽, 滨州, 东营, 任城监狱, 未明确地区, 境外输入人员, 莱芜,

安徽 :  340000 <class 'str'>
合肥, 蚌埠, 阜阳, 亳州, 安庆, 六安, 宿州, 马鞍山, 芜湖, 铜陵, 淮南, 淮北, 池州, 滁州, 黄山, 境外输入, 宣城, 境外输入人员, 未明确地区,

新疆 :  650000 <class 'str'>
乌鲁木齐, 喀什, 伊犁州, 兵团第四师, 昌吉州, 第八师石河子, 兵团第九师, 吐鲁番, 兵团第十二师, 巴州, 六师五家渠, 阿克苏, 第七师, 未明确地区, 兵团第六师五家渠市, 阿拉尔, 阿勒泰, 和田, 博尔塔拉蒙古自治州, 塔城, 哈密, 图木舒克, 兵团第八师石河子市, 兵团第七师, 克拉玛依, 克孜勒苏柯尔克孜自治州,

江西 :  360000 <class 'str'>
南昌, 上饶, 新余, 九江, 宜春, 赣州, 抚州, 萍乡, 吉安, 鹰潭, 境外输入, 景德镇, 赣江新区, 境外输入人员, 未明确地区,

辽宁 :  210000 <class 'str'>
大连, 境外输入, 沈阳, 锦州, 葫芦岛, 营口, 丹东, 盘锦, 阜新, 铁岭, 朝阳市, 鞍山, 本溪, 辽阳, 抚顺, 朝阳, 境外输入人员, 未明确地区,

天津 :  120000 <class 'str'>
境外输入, 天津本土, 津南区, 宝坻区, 河东区, 滨海新区, 河北区, 待确认, 西青区, 南开区, 北辰区, 未明确地区, 外地来津, 和平区, 河西区, 东丽区, 宁河区, 红桥区, 武清区, 河东, 河西, 南开, 河北, 和平, 红桥, 北辰, 武清, 宝坻, 东丽, 西青, 津南, 境外输入人员, 静海县, 蓟县,

广西 :  450000 <class 'str'>
境外输入, 南宁, 北海, 防城港, 桂林, 河池, 柳州, 玉林, 来宾, 贵港, 钦州, 梧州, 贺州, 百色, 境外输入人员, 未明确地区, 崇左,

重庆 :  500000 <class 'str'>
万州区, 江北区, 境外输入, 云阳县, 长寿区, 綦江区, 合川区, 奉节县, 九龙坡区, 忠县, 开州区, 渝中区, 垫江县, 两江新区, 潼南区, 渝北区, 石柱县, 南岸区, 巫溪县, 大足区, 丰都县, 铜梁区, 巫山县, 沙坪坝区, 璧山区, 荣昌区, 巴南区, 大渡口区, 江津区, 涪陵区, 永川区, 梁平区, 高新区, 黔江区, 城口县, 彭水县, 武隆区, 万盛经开区, 酉阳县, 秀山县, 未明确地区, 开州, 境外输入人员, 开县, 永川, 合川, 江津, 长寿, 南川, 九龙坡, 沙坪坝, 江北, 北碚, 南岸, 綦江, 黔江, 巴南, 渝北, 大足, 渝中, 涪陵, 万州,

吉林 :  220000 <class 'str'>
通化, 长春, 长春市, 通化市, 吉林, 未明确地区, 境外输入, 四平, 辽源, 松原, 公主岭, 延边, 白城, 梅河口市, 白山, 梅河口, 境外输入人员,

甘肃 :  620000 <class 'str'>
境外输入, 兰州, 天水, 张掖, 定西, 平凉, 甘南州, 陇南, 嘉峪关, 白银, 临夏, 庆阳, 金昌, 未明确地区, 兰州新区, 酒泉, 武威, 境外输入人员, 甘南,

山西 :  140000 <class 'str'>
境外输入, 晋中, 太原, 运城, 大同, 晋城, 长治, 朔州, 忻州, 吕梁, 阳泉, 临汾, 未明确地区, 境外输入人员,

海南 :  460000 <class 'str'>
三亚, 海口, 境外输入, 儋州, 万宁, 澄迈县, 昌江县, 琼海, 临高县, 陵水县, 文昌, 东方, 定安县, 保亭, 乐东, 琼中县, 白沙黎族自治县, 保亭县, 西沙群岛, 未明确地区, 中沙群岛的岛礁及其海域, 屯昌县, 五指山, 昌江, 陵水, 南沙群岛, 境外输入人员,

贵州 :  520000 <class 'str'>
遵义, 贵阳, 毕节, 黔南州, 铜仁, 黔东南州, 六盘水, 黔西南州, 安顺, 境外输入, 境外输入人员, 未明确地区,

宁夏 :  640000 <class 'str'>
银川, 吴忠, 固原, 中卫, 境外输入, 石嘴山, 宁东管委会, 宁东, 未明确地区,

澳门 :  820000 <class 'str'>
未明确地区,

青海 :  630000 <class 'str'>
西宁, 海北州, 海东, 未明确地区,

西藏 :  540000 <class 'str'>
拉萨, 未明确地区,


Process finished with exit code 0

#################################################################################
# 2022-01-12 20:00
数据失误
北京市：
    名称均为简写，对应代码为行政区划代码，但以下两处有待考证
    refer:
        15,密云区,,110118,,,,,,,
        16,延庆区,,110119,,,,,,,
    crawled data:
        110228 :	  密云 ,  7
        110229 :	  延庆 ,  1
天津市：
    数据比较糟糕，名称简写、全称均有，代码部分不对称，另外数据位于
    全称所在字典，
    31,宁河区,,120117,,,,,,,
    32,静海区,,120118,,,,,,,
    33,蓟州区,,120119,,,,,,,
河北省：
    46,定州市,,139001,,,,,,,
    47,辛集市,,139002,,,,,,,
    46,定州市,,139001,,,,,,,（县级市，保定市代管）
上海市：
    310130 :	  崇明 ,  4 0
    代码不一致
河南省：
    230,济源市,,419001,,,,,,,
    419000 :	  济源 ,  0 0
    （代码不一致）
湖北省：
    245,仙桃市,,429004,,,,,,,
    246,潜江市,,429005,,,,,,,
    247,天门市,天门,429006,2022-01-11,498,483,15,0,,
    248,神农架林区,,429021,,,,,,,
    （代码不一致）
    422900 :	  仙桃 ,  575 0
    423000 :	  潜江 ,  198 0
    423100 :	  神农架林区 ,  0 0
广东省：
    284,东莞市,,441900,,,,,,,
    285,中山市,,442000,,,,,,,
    441900 :	  东莞 ,  128 0
    442000 :	  中山 ,  68 0
    （未知错误）
海南省：
    304,三沙市,,4603,,,,,,,
    305,五指山市,,469001,,,,,,,
    306,琼海市,,469002,,,,,,,
    307,文昌市,,469005,,,,,,,
    308,万宁市,,469006,,,,,,,
    309,东方市,,469007,,,,,,,
    310,定安县,,469021,,,,,,,
    311,屯昌县,,469022,,,,,,,
    312,澄迈县,,469023,,,,,,,
    313,临高县,,469024,,,,,,,
    314,白沙黎族自治县,,469025,,,,,,,
    315,昌江黎族自治县,,469026,,,,,,,
    316,乐东黎族自治县,,469027,,,,,,,
    317,陵水黎族自治县,,469028,,,,,,,
    318,保亭黎族苗族自治县,,469029,,,,,,,
    319,琼中黎族苗族自治县,,469030,,,,,,,
    320,儋州市,,460400,,,,,,,
    代码不一致：
        460200 :	  三亚 ,  55 0
        460100 :	  海口 ,  41 0
        C202006211229074 :	  境外输入 ,  19 0
        463200 :	  儋州 ,  15 0
        463400 :	  万宁 ,  13 0
        463800 :	  澄迈县 ,  9 0
        C2020062112290712 :	  昌江县 ,  7 0
        463100 :	  琼海 ,  6 0
        463900 :	  临高县 ,  6 0
        C202006211229065 :	  陵水县 ,  4 0
        463300 :	  文昌 ,  3 0
        463500 :	  东方 ,  3 0
        463600 :	  定安县 ,  3 0
        C2020062112290711 :	  保亭 ,  3 0
        464200 :	  乐东 ,  2 0
        464500 :	  琼中县 ,  1 0
        464000 :	  白沙黎族自治县 ,  0 0
        464400 :	  保亭县 ,  0 0
        464600 :	  西沙群岛 ,  0 0
        924600 :	  未明确地区 ,  0 0
        464800 :	  中沙群岛的岛礁及其海域 ,  0 0
        463700 :	  屯昌县 ,  0 0
        463000 :	  五指山 ,  0 0
        464100 :	  昌江 ,  0 0
        464300 :	  陵水 ,  0 0
        464700 :	  南沙群岛 ,  0 0
        95241 :	  境外输入人员 ,  0 0
重庆市：
    （大量冗余不一致代码）
    342,铜梁区,,500151,,,,,,,
    343,潼南区,,500152,,,,,,,
    344,荣昌区,,500153,,,,,,,
    345,开州区,,500154,,,,,,,
    346,县,,5002,,,,,,,
    代码不一致：
    500124 :	  铜梁区 ,  10 0
    500123 :	  潼南区 ,  18 0

云南、西藏大量代码冗余不一致